<?xml version="1.0" encoding="UTF-8"?>
<!-- Generated by org.testng.reporters.JUnitReportReporter -->
<testsuite skipped="0" hostname="LAPTOP-R8SP31SG" name="test.rest.TC003_Get_Request" tests="1" failures="0" timestamp="15 Oct 2022 01:39:40 GMT" time="1.673" errors="0">
  <testcase name="getUserList" time="1.673" classname="test.rest.TC003_Get_Request"/>
</testsuite> <!-- test.rest.TC003_Get_Request -->
