<?xml version="1.0" encoding="UTF-8"?>
<!-- Generated by org.testng.reporters.JUnitReportReporter -->
<testsuite skipped="0" hostname="LAPTOP-R8SP31SG" name="test.rest.TC002_Post_Request" tests="1" failures="0" timestamp="14 Oct 2022 16:21:19 GMT" time="3.368" errors="0">
  <testcase name="createUser" time="3.368" classname="test.rest.TC002_Post_Request"/>
</testsuite> <!-- test.rest.TC002_Post_Request -->
